2018-08-23 10:51:47,251 INFO  StartupInfoLogger.java:48 - Starting ThriftBootstrap on dengjunwudeMacBook-Pro.local with PID 21265 (/Users/dengjunwu/IdeaProjects/demo-thrift-service/target/classes started by dengjunwu in /Users/dengjunwu/IdeaProjects/demo-thrift-service)
2018-08-23 10:51:47,257 INFO  SpringApplication.java:597 - The following profiles are active: test
2018-08-23 10:51:47,305 INFO  AbstractApplicationContext.java:583 - Refreshing org.springframework.boot.context.embedded.AnnotationConfigEmbeddedWebApplicationContext@553f1d75: startup date [Thu Aug 23 10:51:47 CST 2018]; root of context hierarchy
2018-08-23 10:51:48,081 INFO  AutowiredAnnotationBeanPostProcessor.java:155 - JSR-330 'javax.inject.Inject' annotation found and supported for autowiring
2018-08-23 10:51:48,194 WARN  AbstractApplicationContext.java:551 - Exception encountered during context initialization - cancelling refresh attempt: org.springframework.beans.factory.UnsatisfiedDependencyException: Error creating bean with name 'methodValidationPostProcessor' defined in class path resource [org/springframework/boot/autoconfigure/validation/ValidationAutoConfiguration.class]: Unsatisfied dependency expressed through method 'methodValidationPostProcessor' parameter 1; nested exception is org.springframework.beans.factory.BeanCreationException: Error creating bean with name 'defaultValidator' defined in class path resource [org/springframework/boot/autoconfigure/validation/ValidationAutoConfiguration.class]: Invocation of init method failed; nested exception is java.lang.AbstractMethodError: org.apache.bval.jsr303.ConfigurationImpl.getDefaultParameterNameProvider()Ljavax/validation/ParameterNameProvider;
2018-08-23 10:51:48,220 INFO  AutoConfigurationReportLoggingInitializer.java:101 - 

Error starting ApplicationContext. To display the auto-configuration report re-run your application with 'debug' enabled.
2018-08-23 10:54:50,438 INFO  StartupInfoLogger.java:48 - Starting ThriftBootstrap on dengjunwudeMacBook-Pro.local with PID 21352 (/Users/dengjunwu/IdeaProjects/demo-thrift-service/target/classes started by dengjunwu in /Users/dengjunwu/IdeaProjects/demo-thrift-service)
2018-08-23 10:54:50,442 INFO  SpringApplication.java:597 - The following profiles are active: test
2018-08-23 10:54:50,489 INFO  AbstractApplicationContext.java:583 - Refreshing org.springframework.boot.context.embedded.AnnotationConfigEmbeddedWebApplicationContext@15eebbff: startup date [Thu Aug 23 10:54:50 CST 2018]; root of context hierarchy
2018-08-23 10:54:51,240 INFO  AutowiredAnnotationBeanPostProcessor.java:155 - JSR-330 'javax.inject.Inject' annotation found and supported for autowiring
2018-08-23 10:54:51,295 WARN  AbstractApplicationContext.java:551 - Exception encountered during context initialization - cancelling refresh attempt: org.springframework.beans.factory.UnsatisfiedDependencyException: Error creating bean with name 'methodValidationPostProcessor' defined in class path resource [org/springframework/boot/autoconfigure/validation/ValidationAutoConfiguration.class]: Unsatisfied dependency expressed through method 'methodValidationPostProcessor' parameter 1; nested exception is org.springframework.beans.factory.BeanCreationException: Error creating bean with name 'defaultValidator' defined in class path resource [org/springframework/boot/autoconfigure/validation/ValidationAutoConfiguration.class]: Invocation of init method failed; nested exception is java.lang.AbstractMethodError: org.apache.bval.jsr303.ConfigurationImpl.getDefaultParameterNameProvider()Ljavax/validation/ParameterNameProvider;
2018-08-23 10:54:51,307 INFO  AutoConfigurationReportLoggingInitializer.java:101 - 

Error starting ApplicationContext. To display the auto-configuration report re-run your application with 'debug' enabled.
2018-08-23 11:12:50,006 INFO  StartupInfoLogger.java:48 - Starting ThriftBootstrap on dengjunwudeMacBook-Pro.local with PID 21802 (/Users/dengjunwu/IdeaProjects/demo-thrift-service/target/classes started by dengjunwu in /Users/dengjunwu/IdeaProjects/demo-thrift-service)
2018-08-23 11:12:50,010 INFO  SpringApplication.java:597 - The following profiles are active: test
2018-08-23 11:12:50,057 INFO  AbstractApplicationContext.java:583 - Refreshing org.springframework.boot.context.embedded.AnnotationConfigEmbeddedWebApplicationContext@15eebbff: startup date [Thu Aug 23 11:12:50 CST 2018]; root of context hierarchy
2018-08-23 11:12:50,821 INFO  AutowiredAnnotationBeanPostProcessor.java:155 - JSR-330 'javax.inject.Inject' annotation found and supported for autowiring
2018-08-23 11:12:50,871 WARN  AbstractApplicationContext.java:551 - Exception encountered during context initialization - cancelling refresh attempt: org.springframework.beans.factory.UnsatisfiedDependencyException: Error creating bean with name 'methodValidationPostProcessor' defined in class path resource [org/springframework/boot/autoconfigure/validation/ValidationAutoConfiguration.class]: Unsatisfied dependency expressed through method 'methodValidationPostProcessor' parameter 1; nested exception is org.springframework.beans.factory.BeanCreationException: Error creating bean with name 'defaultValidator' defined in class path resource [org/springframework/boot/autoconfigure/validation/ValidationAutoConfiguration.class]: Invocation of init method failed; nested exception is java.lang.AbstractMethodError: org.apache.bval.jsr303.ConfigurationImpl.getDefaultParameterNameProvider()Ljavax/validation/ParameterNameProvider;
2018-08-23 11:12:50,886 INFO  AutoConfigurationReportLoggingInitializer.java:101 - 

Error starting ApplicationContext. To display the auto-configuration report re-run your application with 'debug' enabled.
2018-08-23 11:15:13,363 INFO  StartupInfoLogger.java:48 - Starting ThriftBootstrap on dengjunwudeMacBook-Pro.local with PID 21865 (/Users/dengjunwu/IdeaProjects/demo-thrift-service/target/classes started by dengjunwu in /Users/dengjunwu/IdeaProjects/demo-thrift-service)
2018-08-23 11:15:13,366 INFO  SpringApplication.java:597 - The following profiles are active: test
2018-08-23 11:15:13,413 INFO  AbstractApplicationContext.java:583 - Refreshing org.springframework.boot.context.embedded.AnnotationConfigEmbeddedWebApplicationContext@15eebbff: startup date [Thu Aug 23 11:15:13 CST 2018]; root of context hierarchy
2018-08-23 11:15:14,212 INFO  AutowiredAnnotationBeanPostProcessor.java:155 - JSR-330 'javax.inject.Inject' annotation found and supported for autowiring
2018-08-23 11:15:14,312 WARN  AbstractApplicationContext.java:551 - Exception encountered during context initialization - cancelling refresh attempt: org.springframework.beans.factory.UnsatisfiedDependencyException: Error creating bean with name 'methodValidationPostProcessor' defined in class path resource [org/springframework/boot/autoconfigure/validation/ValidationAutoConfiguration.class]: Unsatisfied dependency expressed through method 'methodValidationPostProcessor' parameter 1; nested exception is org.springframework.beans.factory.BeanCreationException: Error creating bean with name 'defaultValidator' defined in class path resource [org/springframework/boot/autoconfigure/validation/ValidationAutoConfiguration.class]: Invocation of init method failed; nested exception is java.lang.AbstractMethodError: org.apache.bval.jsr303.ConfigurationImpl.getDefaultParameterNameProvider()Ljavax/validation/ParameterNameProvider;
2018-08-23 11:15:14,326 INFO  AutoConfigurationReportLoggingInitializer.java:101 - 

Error starting ApplicationContext. To display the auto-configuration report re-run your application with 'debug' enabled.
2018-08-23 11:18:37,152 INFO  StartupInfoLogger.java:48 - Starting ThriftBootstrap on dengjunwudeMacBook-Pro.local with PID 21950 (/Users/dengjunwu/IdeaProjects/demo-thrift-service/target/classes started by dengjunwu in /Users/dengjunwu/IdeaProjects/demo-thrift-service)
2018-08-23 11:18:37,158 INFO  SpringApplication.java:597 - The following profiles are active: test
2018-08-23 11:18:37,214 INFO  AbstractApplicationContext.java:583 - Refreshing org.springframework.boot.context.embedded.AnnotationConfigEmbeddedWebApplicationContext@44828f6b: startup date [Thu Aug 23 11:18:37 CST 2018]; root of context hierarchy
2018-08-23 11:18:38,135 INFO  AutowiredAnnotationBeanPostProcessor.java:155 - JSR-330 'javax.inject.Inject' annotation found and supported for autowiring
2018-08-23 11:18:38,224 WARN  AbstractApplicationContext.java:551 - Exception encountered during context initialization - cancelling refresh attempt: org.springframework.beans.factory.UnsatisfiedDependencyException: Error creating bean with name 'methodValidationPostProcessor' defined in class path resource [org/springframework/boot/autoconfigure/validation/ValidationAutoConfiguration.class]: Unsatisfied dependency expressed through method 'methodValidationPostProcessor' parameter 1; nested exception is org.springframework.beans.factory.BeanCreationException: Error creating bean with name 'defaultValidator' defined in class path resource [org/springframework/boot/autoconfigure/validation/ValidationAutoConfiguration.class]: Invocation of init method failed; nested exception is java.lang.AbstractMethodError: org.apache.bval.jsr303.ConfigurationImpl.getDefaultParameterNameProvider()Ljavax/validation/ParameterNameProvider;
2018-08-23 11:18:38,242 INFO  AutoConfigurationReportLoggingInitializer.java:101 - 

Error starting ApplicationContext. To display the auto-configuration report re-run your application with 'debug' enabled.
2018-08-23 11:24:36,112 INFO  StartupInfoLogger.java:48 - Starting ThriftBootstrap on dengjunwudeMacBook-Pro.local with PID 22109 (/Users/dengjunwu/IdeaProjects/demo-thrift-service/target/classes started by dengjunwu in /Users/dengjunwu/IdeaProjects/demo-thrift-service)
2018-08-23 11:24:36,119 INFO  SpringApplication.java:597 - The following profiles are active: test
2018-08-23 11:24:36,178 INFO  AbstractApplicationContext.java:583 - Refreshing org.springframework.boot.context.embedded.AnnotationConfigEmbeddedWebApplicationContext@644baf4a: startup date [Thu Aug 23 11:24:36 CST 2018]; root of context hierarchy
2018-08-23 11:24:37,090 INFO  AutowiredAnnotationBeanPostProcessor.java:155 - JSR-330 'javax.inject.Inject' annotation found and supported for autowiring
2018-08-23 11:24:37,148 WARN  AbstractApplicationContext.java:551 - Exception encountered during context initialization - cancelling refresh attempt: org.springframework.beans.factory.UnsatisfiedDependencyException: Error creating bean with name 'methodValidationPostProcessor' defined in class path resource [org/springframework/boot/autoconfigure/validation/ValidationAutoConfiguration.class]: Unsatisfied dependency expressed through method 'methodValidationPostProcessor' parameter 1; nested exception is org.springframework.beans.factory.BeanCreationException: Error creating bean with name 'defaultValidator' defined in class path resource [org/springframework/boot/autoconfigure/validation/ValidationAutoConfiguration.class]: Invocation of init method failed; nested exception is java.lang.AbstractMethodError: org.apache.bval.jsr303.ConfigurationImpl.getDefaultParameterNameProvider()Ljavax/validation/ParameterNameProvider;
2018-08-23 11:24:37,163 INFO  AutoConfigurationReportLoggingInitializer.java:101 - 

Error starting ApplicationContext. To display the auto-configuration report re-run your application with 'debug' enabled.
2018-08-23 11:24:59,322 INFO  StartupInfoLogger.java:48 - Starting ThriftBootstrap on dengjunwudeMacBook-Pro.local with PID 22121 (/Users/dengjunwu/IdeaProjects/demo-thrift-service/target/classes started by dengjunwu in /Users/dengjunwu/IdeaProjects/demo-thrift-service)
2018-08-23 11:24:59,327 INFO  SpringApplication.java:597 - The following profiles are active: test
2018-08-23 11:24:59,380 INFO  AbstractApplicationContext.java:583 - Refreshing org.springframework.boot.context.embedded.AnnotationConfigEmbeddedWebApplicationContext@44828f6b: startup date [Thu Aug 23 11:24:59 CST 2018]; root of context hierarchy
2018-08-23 11:25:00,136 INFO  AutowiredAnnotationBeanPostProcessor.java:155 - JSR-330 'javax.inject.Inject' annotation found and supported for autowiring
2018-08-23 11:25:00,187 WARN  AbstractApplicationContext.java:551 - Exception encountered during context initialization - cancelling refresh attempt: org.springframework.beans.factory.UnsatisfiedDependencyException: Error creating bean with name 'methodValidationPostProcessor' defined in class path resource [org/springframework/boot/autoconfigure/validation/ValidationAutoConfiguration.class]: Unsatisfied dependency expressed through method 'methodValidationPostProcessor' parameter 1; nested exception is org.springframework.beans.factory.BeanCreationException: Error creating bean with name 'defaultValidator' defined in class path resource [org/springframework/boot/autoconfigure/validation/ValidationAutoConfiguration.class]: Invocation of init method failed; nested exception is java.lang.AbstractMethodError: org.apache.bval.jsr303.ConfigurationImpl.getDefaultParameterNameProvider()Ljavax/validation/ParameterNameProvider;
2018-08-23 11:25:00,200 INFO  AutoConfigurationReportLoggingInitializer.java:101 - 

Error starting ApplicationContext. To display the auto-configuration report re-run your application with 'debug' enabled.
2018-08-23 11:31:34,664 INFO  StartupInfoLogger.java:48 - Starting ThriftBootstrap on dengjunwudeMacBook-Pro.local with PID 22306 (/Users/dengjunwu/IdeaProjects/demo-thrift-service/target/classes started by dengjunwu in /Users/dengjunwu/IdeaProjects/demo-thrift-service)
2018-08-23 11:31:34,668 INFO  SpringApplication.java:597 - The following profiles are active: test
2018-08-23 11:31:34,716 INFO  AbstractApplicationContext.java:583 - Refreshing org.springframework.boot.context.embedded.AnnotationConfigEmbeddedWebApplicationContext@44828f6b: startup date [Thu Aug 23 11:31:34 CST 2018]; root of context hierarchy
2018-08-23 11:31:35,472 INFO  AutowiredAnnotationBeanPostProcessor.java:155 - JSR-330 'javax.inject.Inject' annotation found and supported for autowiring
2018-08-23 11:31:35,533 WARN  AbstractApplicationContext.java:551 - Exception encountered during context initialization - cancelling refresh attempt: org.springframework.beans.factory.UnsatisfiedDependencyException: Error creating bean with name 'methodValidationPostProcessor' defined in class path resource [org/springframework/boot/autoconfigure/validation/ValidationAutoConfiguration.class]: Unsatisfied dependency expressed through method 'methodValidationPostProcessor' parameter 1; nested exception is org.springframework.beans.factory.BeanCreationException: Error creating bean with name 'defaultValidator' defined in class path resource [org/springframework/boot/autoconfigure/validation/ValidationAutoConfiguration.class]: Invocation of init method failed; nested exception is java.lang.AbstractMethodError: org.apache.bval.jsr303.ConfigurationImpl.getDefaultParameterNameProvider()Ljavax/validation/ParameterNameProvider;
2018-08-23 11:31:35,547 INFO  AutoConfigurationReportLoggingInitializer.java:101 - 

Error starting ApplicationContext. To display the auto-configuration report re-run your application with 'debug' enabled.
2018-08-23 11:45:19,914 INFO  StartupInfoLogger.java:48 - Starting ThriftBootstrap on dengjunwudeMacBook-Pro.local with PID 22638 (/Users/dengjunwu/IdeaProjects/demo-thrift-service/target/classes started by dengjunwu in /Users/dengjunwu/IdeaProjects/demo-thrift-service)
2018-08-23 11:45:19,919 INFO  SpringApplication.java:597 - The following profiles are active: test
2018-08-23 11:45:19,973 INFO  AbstractApplicationContext.java:583 - Refreshing org.springframework.boot.context.embedded.AnnotationConfigEmbeddedWebApplicationContext@644baf4a: startup date [Thu Aug 23 11:45:19 CST 2018]; root of context hierarchy
2018-08-23 11:45:20,774 INFO  AutowiredAnnotationBeanPostProcessor.java:155 - JSR-330 'javax.inject.Inject' annotation found and supported for autowiring
2018-08-23 11:45:20,821 WARN  AbstractApplicationContext.java:551 - Exception encountered during context initialization - cancelling refresh attempt: org.springframework.beans.factory.UnsatisfiedDependencyException: Error creating bean with name 'methodValidationPostProcessor' defined in class path resource [org/springframework/boot/autoconfigure/validation/ValidationAutoConfiguration.class]: Unsatisfied dependency expressed through method 'methodValidationPostProcessor' parameter 1; nested exception is org.springframework.beans.factory.BeanCreationException: Error creating bean with name 'defaultValidator' defined in class path resource [org/springframework/boot/autoconfigure/validation/ValidationAutoConfiguration.class]: Invocation of init method failed; nested exception is java.lang.AbstractMethodError: org.apache.bval.jsr303.ConfigurationImpl.getDefaultParameterNameProvider()Ljavax/validation/ParameterNameProvider;
2018-08-23 11:45:20,836 INFO  AutoConfigurationReportLoggingInitializer.java:101 - 

Error starting ApplicationContext. To display the auto-configuration report re-run your application with 'debug' enabled.
2018-08-23 11:50:39,102 INFO  StartupInfoLogger.java:48 - Starting ThriftBootstrap on dengjunwudeMacBook-Pro.local with PID 22771 (/Users/dengjunwu/IdeaProjects/demo-thrift-service/target/classes started by dengjunwu in /Users/dengjunwu/IdeaProjects/demo-thrift-service)
2018-08-23 11:50:39,107 INFO  SpringApplication.java:597 - The following profiles are active: test
2018-08-23 11:50:39,166 INFO  AbstractApplicationContext.java:583 - Refreshing org.springframework.boot.context.embedded.AnnotationConfigEmbeddedWebApplicationContext@644baf4a: startup date [Thu Aug 23 11:50:39 CST 2018]; root of context hierarchy
2018-08-23 11:50:39,947 INFO  AutowiredAnnotationBeanPostProcessor.java:155 - JSR-330 'javax.inject.Inject' annotation found and supported for autowiring
2018-08-23 11:50:40,011 WARN  AbstractApplicationContext.java:551 - Exception encountered during context initialization - cancelling refresh attempt: org.springframework.beans.factory.UnsatisfiedDependencyException: Error creating bean with name 'methodValidationPostProcessor' defined in class path resource [org/springframework/boot/autoconfigure/validation/ValidationAutoConfiguration.class]: Unsatisfied dependency expressed through method 'methodValidationPostProcessor' parameter 1; nested exception is org.springframework.beans.factory.BeanCreationException: Error creating bean with name 'defaultValidator' defined in class path resource [org/springframework/boot/autoconfigure/validation/ValidationAutoConfiguration.class]: Invocation of init method failed; nested exception is java.lang.AbstractMethodError: org.apache.bval.jsr303.ConfigurationImpl.getDefaultParameterNameProvider()Ljavax/validation/ParameterNameProvider;
2018-08-23 11:50:40,032 INFO  AutoConfigurationReportLoggingInitializer.java:101 - 

Error starting ApplicationContext. To display the auto-configuration report re-run your application with 'debug' enabled.
